=================================================================
        CLOUDFORMATION SECURITY SCAN REPORT
=================================================================


============================================================
[2025-05-29 11:45:41] 🚀 CloudFormation Scanner v2.0 - Comprehensive Logging
============================================================
[2025-05-29 11:45:41] 📄 Target: test-files/cloudformation/s3-iam-vulnerable.json
[2025-05-29 11:45:41] 📍 Working directory: /work
[2025-05-29 11:45:41] 🕐 Scan started: Thu May 29 11:45:41 UTC 2025
[2025-05-29 11:45:41] 📊 Output format: Comprehensive log with all tool outputs
[2025-05-29 11:45:41] ✅ SUCCESS: Target file 'test-files/cloudformation/s3-iam-vulnerable.json' found and accessible
[2025-05-29 11:45:41] 📋 File information:
-rwxrwxrwx    1 root     root          6951 May 28 18:02 test-files/cloudformation/s3-iam-vulnerable.json

============================================================
[2025-05-29 11:45:41] 🔧 Running CFN-Lint - CloudFormation Linter
============================================================
[2025-05-29 11:45:41] Running CFN-Lint validation on template...
E3045 A bucket with AccessControl set should also have OwnershipControl configured
test-files/cloudformation/s3-iam-vulnerable.json:23:9

W3045 Consider using AWS::S3::BucketPolicy instead of AccessControl
test-files/cloudformation/s3-iam-vulnerable.json:23:9

E3002 Invalid Property Resources/VulnerableS3Bucket/Properties/NotificationConfiguration/CloudWatchConfigurations
test-files/cloudformation/s3-iam-vulnerable.json:48:11

E3045 A bucket with AccessControl set should also have OwnershipControl configured
test-files/cloudformation/s3-iam-vulnerable.json:74:9

W3045 Consider using AWS::S3::BucketPolicy instead of AccessControl
test-files/cloudformation/s3-iam-vulnerable.json:74:9

W2501 Password shouldn't be hardcoded for Resources/VulnerableIAMUser/Properties/LoginProfile/Password
test-files/cloudformation/s3-iam-vulnerable.json:181:11

[2025-05-29 11:45:45] ✅ SUCCESS: CFN-Lint validation completed successfully - no issues found

============================================================
[2025-05-29 11:45:45] 🛡️ Running Checkov - Infrastructure Security Scanner
============================================================
[2025-05-29 11:45:45] Running Checkov security scan on CloudFormation template...


       _               _
   ___| |__   ___  ___| | _______   __
  / __| '_ \ / _ \/ __| |/ / _ \ \ / /
 | (__| | | |  __/ (__|   < (_) \ V /
  \___|_| |_|\___|\___|_|\_\___/ \_/

By Prisma Cloud | version: 3.2.414 
Update available 3.2.414 -> 3.2.435
Run pip3 install -U checkov to update 


cloudformation scan results:

Passed checks: 8, Failed checks: 26, Skipped checks: 0

Check: CKV_AWS_19: "Ensure the S3 bucket has server-side-encryption enabled"
	PASSED for resource: AWS::S3::Bucket.VulnerableS3Bucket
	File: /test-files/cloudformation/s3-iam-vulnerable.json:17-67
	Guide: https://docs.prismacloud.io/en/enterprise-edition/policy-reference/aws-policies/s3-policies/s3-14-data-encrypted-at-rest
Check: CKV_AWS_57: "Ensure the S3 bucket does not allow WRITE permissions to everyone"
	PASSED for resource: AWS::S3::Bucket.VulnerableS3Bucket
	File: /test-files/cloudformation/s3-iam-vulnerable.json:17-67
	Guide: https://docs.prismacloud.io/en/enterprise-edition/policy-reference/aws-policies/s3-policies/s3-2-acl-write-permissions-everyone
Check: CKV_AWS_18: "Ensure the S3 bucket has access logging enabled"
	PASSED for resource: AWS::S3::Bucket.VulnerableS3Bucket
	File: /test-files/cloudformation/s3-iam-vulnerable.json:17-67
	Guide: https://docs.prismacloud.io/en/enterprise-edition/policy-reference/aws-policies/s3-policies/s3-13-enable-logging
Check: CKV_AWS_19: "Ensure the S3 bucket has server-side-encryption enabled"
	PASSED for resource: AWS::S3::Bucket.VulnerableLogsBucket
	File: /test-files/cloudformation/s3-iam-vulnerable.json:68-82
	Guide: https://docs.prismacloud.io/en/enterprise-edition/policy-reference/aws-policies/s3-policies/s3-14-data-encrypted-at-rest
Check: CKV_AWS_57: "Ensure the S3 bucket does not allow WRITE permissions to everyone"
	PASSED for resource: AWS::S3::Bucket.VulnerableLogsBucket
	File: /test-files/cloudformation/s3-iam-vulnerable.json:68-82
	Guide: https://docs.prismacloud.io/en/enterprise-edition/policy-reference/aws-policies/s3-policies/s3-2-acl-write-permissions-everyone
Check: CKV_AWS_20: "Ensure the S3 bucket does not allow READ permissions to everyone"
	PASSED for resource: AWS::S3::Bucket.VulnerableLogsBucket
	File: /test-files/cloudformation/s3-iam-vulnerable.json:68-82
	Guide: https://docs.prismacloud.io/en/enterprise-edition/policy-reference/aws-policies/s3-policies/s3-1-acl-read-permissions-everyone
Check: CKV_AWS_61: "Ensure AWS IAM policy does not allow assume role permission across all services"
	PASSED for resource: AWS::IAM::Role.VulnerableIAMRole
	File: /test-files/cloudformation/s3-iam-vulnerable.json:122-175
	Guide: https://docs.prismacloud.io/en/enterprise-edition/policy-reference/aws-policies/aws-iam-policies/bc-aws-iam-45
Check: CKV_AWS_60: "Ensure IAM role allows only specific services or principals to assume it"
	PASSED for resource: AWS::IAM::Role.VulnerableIAMRole
	File: /test-files/cloudformation/s3-iam-vulnerable.json:122-175
	Guide: https://docs.prismacloud.io/en/enterprise-edition/policy-reference/aws-policies/aws-iam-policies/bc-aws-iam-44
Check: CKV_AWS_55: "Ensure S3 bucket has ignore public ACLs enabled"
	FAILED for resource: AWS::S3::Bucket.VulnerableS3Bucket
	File: /test-files/cloudformation/s3-iam-vulnerable.json:17-67
	Guide: https://docs.prismacloud.io/en/enterprise-edition/policy-reference/aws-policies/s3-policies/bc-aws-s3-21

		Code lines for this resource are too many. Please use IDE of your choice to review the file.
Check: CKV_AWS_56: "Ensure S3 bucket has RestrictPublicBuckets enabled"
	FAILED for resource: AWS::S3::Bucket.VulnerableS3Bucket
	File: /test-files/cloudformation/s3-iam-vulnerable.json:17-67
	Guide: https://docs.prismacloud.io/en/enterprise-edition/policy-reference/aws-policies/s3-policies/bc-aws-s3-22

		Code lines for this resource are too many. Please use IDE of your choice to review the file.
Check: CKV_AWS_53: "Ensure S3 bucket has block public ACLs enabled"
	FAILED for resource: AWS::S3::Bucket.VulnerableS3Bucket
	File: /test-files/cloudformation/s3-iam-vulnerable.json:17-67
	Guide: https://docs.prismacloud.io/en/enterprise-edition/policy-reference/aws-policies/s3-policies/bc-aws-s3-19

		Code lines for this resource are too many. Please use IDE of your choice to review the file.
Check: CKV_AWS_54: "Ensure S3 bucket has block public policy enabled"
	FAILED for resource: AWS::S3::Bucket.VulnerableS3Bucket
	File: /test-files/cloudformation/s3-iam-vulnerable.json:17-67
	Guide: https://docs.prismacloud.io/en/enterprise-edition/policy-reference/aws-policies/s3-policies/bc-aws-s3-20

		Code lines for this resource are too many. Please use IDE of your choice to review the file.
Check: CKV_AWS_20: "Ensure the S3 bucket does not allow READ permissions to everyone"
	FAILED for resource: AWS::S3::Bucket.VulnerableS3Bucket
	File: /test-files/cloudformation/s3-iam-vulnerable.json:17-67
	Guide: https://docs.prismacloud.io/en/enterprise-edition/policy-reference/aws-policies/s3-policies/s3-1-acl-read-permissions-everyone

		Code lines for this resource are too many. Please use IDE of your choice to review the file.
Check: CKV_AWS_21: "Ensure the S3 bucket has versioning enabled"
	FAILED for resource: AWS::S3::Bucket.VulnerableS3Bucket
	File: /test-files/cloudformation/s3-iam-vulnerable.json:17-67
	Guide: https://docs.prismacloud.io/en/enterprise-edition/policy-reference/aws-policies/s3-policies/s3-16-enable-versioning

		Code lines for this resource are too many. Please use IDE of your choice to review the file.
Check: CKV_AWS_55: "Ensure S3 bucket has ignore public ACLs enabled"
	FAILED for resource: AWS::S3::Bucket.VulnerableLogsBucket
	File: /test-files/cloudformation/s3-iam-vulnerable.json:68-82
	Guide: https://docs.prismacloud.io/en/enterprise-edition/policy-reference/aws-policies/s3-policies/bc-aws-s3-21

		68 |     "VulnerableLogsBucket": {
		69 |       "Type": "AWS::S3::Bucket",
		70 |       "Properties": {
		71 |         "BucketName": {
		72 |           "Fn::Sub": "${BucketName}-logs"
		73 |         },
		74 |         "AccessControl": "LogDeliveryWrite",
		75 |         "PublicAccessBlockConfiguration": {
		76 |           "BlockPublicAcls": false,
		77 |           "BlockPublicPolicy": false,
		78 |           "IgnorePublicAcls": false,
		79 |           "RestrictPublicBuckets": false
		80 |         }
		81 |       }
		82 |     },

Check: CKV_AWS_56: "Ensure S3 bucket has RestrictPublicBuckets enabled"
	FAILED for resource: AWS::S3::Bucket.VulnerableLogsBucket
	File: /test-files/cloudformation/s3-iam-vulnerable.json:68-82
	Guide: https://docs.prismacloud.io/en/enterprise-edition/policy-reference/aws-policies/s3-policies/bc-aws-s3-22

		68 |     "VulnerableLogsBucket": {
		69 |       "Type": "AWS::S3::Bucket",
		70 |       "Properties": {
		71 |         "BucketName": {
		72 |           "Fn::Sub": "${BucketName}-logs"
		73 |         },
		74 |         "AccessControl": "LogDeliveryWrite",
		75 |         "PublicAccessBlockConfiguration": {
		76 |           "BlockPublicAcls": false,
		77 |           "BlockPublicPolicy": false,
		78 |           "IgnorePublicAcls": false,
		79 |           "RestrictPublicBuckets": false
		80 |         }
		81 |       }
		82 |     },

Check: CKV_AWS_53: "Ensure S3 bucket has block public ACLs enabled"
	FAILED for resource: AWS::S3::Bucket.VulnerableLogsBucket
	File: /test-files/cloudformation/s3-iam-vulnerable.json:68-82
	Guide: https://docs.prismacloud.io/en/enterprise-edition/policy-reference/aws-policies/s3-policies/bc-aws-s3-19

		68 |     "VulnerableLogsBucket": {
		69 |       "Type": "AWS::S3::Bucket",
		70 |       "Properties": {
		71 |         "BucketName": {
		72 |           "Fn::Sub": "${BucketName}-logs"
		73 |         },
		74 |         "AccessControl": "LogDeliveryWrite",
		75 |         "PublicAccessBlockConfiguration": {
		76 |           "BlockPublicAcls": false,
		77 |           "BlockPublicPolicy": false,
		78 |           "IgnorePublicAcls": false,
		79 |           "RestrictPublicBuckets": false
		80 |         }
		81 |       }
		82 |     },

Check: CKV_AWS_54: "Ensure S3 bucket has block public policy enabled"
	FAILED for resource: AWS::S3::Bucket.VulnerableLogsBucket
	File: /test-files/cloudformation/s3-iam-vulnerable.json:68-82
	Guide: https://docs.prismacloud.io/en/enterprise-edition/policy-reference/aws-policies/s3-policies/bc-aws-s3-20

		68 |     "VulnerableLogsBucket": {
		69 |       "Type": "AWS::S3::Bucket",
		70 |       "Properties": {
		71 |         "BucketName": {
		72 |           "Fn::Sub": "${BucketName}-logs"
		73 |         },
		74 |         "AccessControl": "LogDeliveryWrite",
		75 |         "PublicAccessBlockConfiguration": {
		76 |           "BlockPublicAcls": false,
		77 |           "BlockPublicPolicy": false,
		78 |           "IgnorePublicAcls": false,
		79 |           "RestrictPublicBuckets": false
		80 |         }
		81 |       }
		82 |     },

Check: CKV_AWS_18: "Ensure the S3 bucket has access logging enabled"
	FAILED for resource: AWS::S3::Bucket.VulnerableLogsBucket
	File: /test-files/cloudformation/s3-iam-vulnerable.json:68-82
	Guide: https://docs.prismacloud.io/en/enterprise-edition/policy-reference/aws-policies/s3-policies/s3-13-enable-logging

		68 |     "VulnerableLogsBucket": {
		69 |       "Type": "AWS::S3::Bucket",
		70 |       "Properties": {
		71 |         "BucketName": {
		72 |           "Fn::Sub": "${BucketName}-logs"
		73 |         },
		74 |         "AccessControl": "LogDeliveryWrite",
		75 |         "PublicAccessBlockConfiguration": {
		76 |           "BlockPublicAcls": false,
		77 |           "BlockPublicPolicy": false,
		78 |           "IgnorePublicAcls": false,
		79 |           "RestrictPublicBuckets": false
		80 |         }
		81 |       }
		82 |     },

Check: CKV_AWS_21: "Ensure the S3 bucket has versioning enabled"
	FAILED for resource: AWS::S3::Bucket.VulnerableLogsBucket
	File: /test-files/cloudformation/s3-iam-vulnerable.json:68-82
	Guide: https://docs.prismacloud.io/en/enterprise-edition/policy-reference/aws-policies/s3-policies/s3-16-enable-versioning

		68 |     "VulnerableLogsBucket": {
		69 |       "Type": "AWS::S3::Bucket",
		70 |       "Properties": {
		71 |         "BucketName": {
		72 |           "Fn::Sub": "${BucketName}-logs"
		73 |         },
		74 |         "AccessControl": "LogDeliveryWrite",
		75 |         "PublicAccessBlockConfiguration": {
		76 |           "BlockPublicAcls": false,
		77 |           "BlockPublicPolicy": false,
		78 |           "IgnorePublicAcls": false,
		79 |           "RestrictPublicBuckets": false
		80 |         }
		81 |       }
		82 |     },

Check: CKV_AWS_110: "Ensure IAM policies does not allow privilege escalation"
	FAILED for resource: AWS::IAM::Role.VulnerableIAMRole
	File: /test-files/cloudformation/s3-iam-vulnerable.json:122-175
	Guide: https://docs.prismacloud.io/en/enterprise-edition/policy-reference/aws-policies/aws-iam-policies/ensure-iam-policies-does-not-allow-privilege-escalation

		Code lines for this resource are too many. Please use IDE of your choice to review the file.
Check: CKV_AWS_62: "Ensure no IAM policies that allow full "*-*" administrative privileges are not created"
	FAILED for resource: AWS::IAM::Role.VulnerableIAMRole
	File: /test-files/cloudformation/s3-iam-vulnerable.json:122-175
	Guide: https://docs.prismacloud.io/en/enterprise-edition/policy-reference/aws-policies/aws-iam-policies/bc-aws-iam-45

		Code lines for this resource are too many. Please use IDE of your choice to review the file.
Check: CKV_AWS_109: "Ensure IAM policies does not allow permissions management without constraints"
	FAILED for resource: AWS::IAM::Role.VulnerableIAMRole
	File: /test-files/cloudformation/s3-iam-vulnerable.json:122-175
	Guide: https://docs.prismacloud.io/en/enterprise-edition/policy-reference/aws-policies/aws-iam-policies/ensure-iam-policies-do-not-allow-permissions-management-resource-exposure-without-constraint

		Code lines for this resource are too many. Please use IDE of your choice to review the file.
Check: CKV_AWS_108: "Ensure IAM policies does not allow data exfiltration"
	FAILED for resource: AWS::IAM::Role.VulnerableIAMRole
	File: /test-files/cloudformation/s3-iam-vulnerable.json:122-175
	Guide: https://docs.prismacloud.io/en/enterprise-edition/policy-reference/aws-policies/aws-iam-policies/ensure-iam-policies-do-not-allow-data-exfiltration

		Code lines for this resource are too many. Please use IDE of your choice to review the file.
Check: CKV_AWS_63: "Ensure no IAM policies documents allow "*" as a statement's actions"
	FAILED for resource: AWS::IAM::Role.VulnerableIAMRole
	File: /test-files/cloudformation/s3-iam-vulnerable.json:122-175
	Guide: https://docs.prismacloud.io/en/enterprise-edition/policy-reference/aws-policies/aws-iam-policies/iam-48

		Code lines for this resource are too many. Please use IDE of your choice to review the file.
Check: CKV_AWS_111: "Ensure IAM policies does not allow write access without constraints"
	FAILED for resource: AWS::IAM::Role.VulnerableIAMRole
	File: /test-files/cloudformation/s3-iam-vulnerable.json:122-175
	Guide: https://docs.prismacloud.io/en/enterprise-edition/policy-reference/aws-policies/aws-iam-policies/ensure-iam-policies-do-not-allow-write-access-without-constraint

		Code lines for this resource are too many. Please use IDE of your choice to review the file.
Check: CKV_AWS_107: "Ensure IAM policies does not allow credentials exposure"
	FAILED for resource: AWS::IAM::Role.VulnerableIAMRole
	File: /test-files/cloudformation/s3-iam-vulnerable.json:122-175
	Guide: https://docs.prismacloud.io/en/enterprise-edition/policy-reference/aws-policies/aws-iam-policies/ensure-iam-policies-do-not-allow-credentials-exposure

		Code lines for this resource are too many. Please use IDE of your choice to review the file.
Check: CKV_AWS_110: "Ensure IAM policies does not allow privilege escalation"
	FAILED for resource: AWS::IAM::User.VulnerableIAMUser
	File: /test-files/cloudformation/s3-iam-vulnerable.json:176-203
	Guide: https://docs.prismacloud.io/en/enterprise-edition/policy-reference/aws-policies/aws-iam-policies/ensure-iam-policies-does-not-allow-privilege-escalation

		176 |     "VulnerableIAMUser": {
		177 |       "Type": "AWS::IAM::User",
		178 |       "Properties": {
		179 |         "UserName": "VulnerableUser",
		180 |         "LoginProfile": {
		181 |           "Password": "Password123!",
		182 |           "PasswordResetRequired": false
		183 |         },
		184 |         "ManagedPolicyArns": [
		185 |           "arn:aws:iam::aws:policy/AdministratorAccess"
		186 |         ],
		187 |         "Policies": [
		188 |           {
		189 |             "PolicyName": "AllowEverything",
		190 |             "PolicyDocument": {
		191 |               "Version": "2012-10-17",
		192 |               "Statement": [
		193 |                 {
		194 |                   "Effect": "Allow",
		195 |                   "Action": "*",
		196 |                   "Resource": "*"
		197 |                 }
		198 |               ]
		199 |             }
		200 |           }
		201 |         ]
		202 |       }
		203 |     },

Check: CKV_AWS_62: "Ensure no IAM policies that allow full "*-*" administrative privileges are not created"
	FAILED for resource: AWS::IAM::User.VulnerableIAMUser
	File: /test-files/cloudformation/s3-iam-vulnerable.json:176-203
	Guide: https://docs.prismacloud.io/en/enterprise-edition/policy-reference/aws-policies/aws-iam-policies/bc-aws-iam-45

		176 |     "VulnerableIAMUser": {
		177 |       "Type": "AWS::IAM::User",
		178 |       "Properties": {
		179 |         "UserName": "VulnerableUser",
		180 |         "LoginProfile": {
		181 |           "Password": "Password123!",
		182 |           "PasswordResetRequired": false
		183 |         },
		184 |         "ManagedPolicyArns": [
		185 |           "arn:aws:iam::aws:policy/AdministratorAccess"
		186 |         ],
		187 |         "Policies": [
		188 |           {
		189 |             "PolicyName": "AllowEverything",
		190 |             "PolicyDocument": {
		191 |               "Version": "2012-10-17",
		192 |               "Statement": [
		193 |                 {
		194 |                   "Effect": "Allow",
		195 |                   "Action": "*",
		196 |                   "Resource": "*"
		197 |                 }
		198 |               ]
		199 |             }
		200 |           }
		201 |         ]
		202 |       }
		203 |     },

Check: CKV_AWS_109: "Ensure IAM policies does not allow permissions management without constraints"
	FAILED for resource: AWS::IAM::User.VulnerableIAMUser
	File: /test-files/cloudformation/s3-iam-vulnerable.json:176-203
	Guide: https://docs.prismacloud.io/en/enterprise-edition/policy-reference/aws-policies/aws-iam-policies/ensure-iam-policies-do-not-allow-permissions-management-resource-exposure-without-constraint

		176 |     "VulnerableIAMUser": {
		177 |       "Type": "AWS::IAM::User",
		178 |       "Properties": {
		179 |         "UserName": "VulnerableUser",
		180 |         "LoginProfile": {
		181 |           "Password": "Password123!",
		182 |           "PasswordResetRequired": false
		183 |         },
		184 |         "ManagedPolicyArns": [
		185 |           "arn:aws:iam::aws:policy/AdministratorAccess"
		186 |         ],
		187 |         "Policies": [
		188 |           {
		189 |             "PolicyName": "AllowEverything",
		190 |             "PolicyDocument": {
		191 |               "Version": "2012-10-17",
		192 |               "Statement": [
		193 |                 {
		194 |                   "Effect": "Allow",
		195 |                   "Action": "*",
		196 |                   "Resource": "*"
		197 |                 }
		198 |               ]
		199 |             }
		200 |           }
		201 |         ]
		202 |       }
		203 |     },

Check: CKV_AWS_108: "Ensure IAM policies does not allow data exfiltration"
	FAILED for resource: AWS::IAM::User.VulnerableIAMUser
	File: /test-files/cloudformation/s3-iam-vulnerable.json:176-203
	Guide: https://docs.prismacloud.io/en/enterprise-edition/policy-reference/aws-policies/aws-iam-policies/ensure-iam-policies-do-not-allow-data-exfiltration

		176 |     "VulnerableIAMUser": {
		177 |       "Type": "AWS::IAM::User",
		178 |       "Properties": {
		179 |         "UserName": "VulnerableUser",
		180 |         "LoginProfile": {
		181 |           "Password": "Password123!",
		182 |           "PasswordResetRequired": false
		183 |         },
		184 |         "ManagedPolicyArns": [
		185 |           "arn:aws:iam::aws:policy/AdministratorAccess"
		186 |         ],
		187 |         "Policies": [
		188 |           {
		189 |             "PolicyName": "AllowEverything",
		190 |             "PolicyDocument": {
		191 |               "Version": "2012-10-17",
		192 |               "Statement": [
		193 |                 {
		194 |                   "Effect": "Allow",
		195 |                   "Action": "*",
		196 |                   "Resource": "*"
		197 |                 }
		198 |               ]
		199 |             }
		200 |           }
		201 |         ]
		202 |       }
		203 |     },

Check: CKV_AWS_63: "Ensure no IAM policies documents allow "*" as a statement's actions"
	FAILED for resource: AWS::IAM::User.VulnerableIAMUser
	File: /test-files/cloudformation/s3-iam-vulnerable.json:176-203
	Guide: https://docs.prismacloud.io/en/enterprise-edition/policy-reference/aws-policies/aws-iam-policies/iam-48

		176 |     "VulnerableIAMUser": {
		177 |       "Type": "AWS::IAM::User",
		178 |       "Properties": {
		179 |         "UserName": "VulnerableUser",
		180 |         "LoginProfile": {
		181 |           "Password": "Password123!",
		182 |           "PasswordResetRequired": false
		183 |         },
		184 |         "ManagedPolicyArns": [
		185 |           "arn:aws:iam::aws:policy/AdministratorAccess"
		186 |         ],
		187 |         "Policies": [
		188 |           {
		189 |             "PolicyName": "AllowEverything",
		190 |             "PolicyDocument": {
		191 |               "Version": "2012-10-17",
		192 |               "Statement": [
		193 |                 {
		194 |                   "Effect": "Allow",
		195 |                   "Action": "*",
		196 |                   "Resource": "*"
		197 |                 }
		198 |               ]
		199 |             }
		200 |           }
		201 |         ]
		202 |       }
		203 |     },

Check: CKV_AWS_111: "Ensure IAM policies does not allow write access without constraints"
	FAILED for resource: AWS::IAM::User.VulnerableIAMUser
	File: /test-files/cloudformation/s3-iam-vulnerable.json:176-203
	Guide: https://docs.prismacloud.io/en/enterprise-edition/policy-reference/aws-policies/aws-iam-policies/ensure-iam-policies-do-not-allow-write-access-without-constraint

		176 |     "VulnerableIAMUser": {
		177 |       "Type": "AWS::IAM::User",
		178 |       "Properties": {
		179 |         "UserName": "VulnerableUser",
		180 |         "LoginProfile": {
		181 |           "Password": "Password123!",
		182 |           "PasswordResetRequired": false
		183 |         },
		184 |         "ManagedPolicyArns": [
		185 |           "arn:aws:iam::aws:policy/AdministratorAccess"
		186 |         ],
		187 |         "Policies": [
		188 |           {
		189 |             "PolicyName": "AllowEverything",
		190 |             "PolicyDocument": {
		191 |               "Version": "2012-10-17",
		192 |               "Statement": [
		193 |                 {
		194 |                   "Effect": "Allow",
		195 |                   "Action": "*",
		196 |                   "Resource": "*"
		197 |                 }
		198 |               ]
		199 |             }
		200 |           }
		201 |         ]
		202 |       }
		203 |     },

Check: CKV_AWS_107: "Ensure IAM policies does not allow credentials exposure"
	FAILED for resource: AWS::IAM::User.VulnerableIAMUser
	File: /test-files/cloudformation/s3-iam-vulnerable.json:176-203
	Guide: https://docs.prismacloud.io/en/enterprise-edition/policy-reference/aws-policies/aws-iam-policies/ensure-iam-policies-do-not-allow-credentials-exposure

		176 |     "VulnerableIAMUser": {
		177 |       "Type": "AWS::IAM::User",
		178 |       "Properties": {
		179 |         "UserName": "VulnerableUser",
		180 |         "LoginProfile": {
		181 |           "Password": "Password123!",
		182 |           "PasswordResetRequired": false
		183 |         },
		184 |         "ManagedPolicyArns": [
		185 |           "arn:aws:iam::aws:policy/AdministratorAccess"
		186 |         ],
		187 |         "Policies": [
		188 |           {
		189 |             "PolicyName": "AllowEverything",
		190 |             "PolicyDocument": {
		191 |               "Version": "2012-10-17",
		192 |               "Statement": [
		193 |                 {
		194 |                   "Effect": "Allow",
		195 |                   "Action": "*",
		196 |                   "Resource": "*"
		197 |                 }
		198 |               ]
		199 |             }
		200 |           }
		201 |         ]
		202 |       }
		203 |     },


[2025-05-29 11:45:51] ✅ SUCCESS: Checkov scan completed - no issues found

============================================================
[2025-05-29 11:45:51] ☁️ Running AWS CloudFormation Validation
============================================================
[2025-05-29 11:45:51] Attempting AWS CloudFormation template validation...
[2025-05-29 11:45:51] ⚠️  WARNING: AWS CLI not available - skipping AWS validation

============================================================
[2025-05-29 11:45:51] 📊 Scan Summary and Results
============================================================
[2025-05-29 11:45:51] Target: test-files/cloudformation/s3-iam-vulnerable.json
[2025-05-29 11:45:51] 🕐 Scan completed: Thu May 29 11:45:51 UTC 2025
[2025-05-29 11:45:51] ============================================================
[2025-05-29 11:45:51] TOOL EXECUTION RESULTS:
[2025-05-29 11:45:51] - CFN-Lint: ✅ PASSED
[2025-05-29 11:45:51] - Checkov: ✅ PASSED
[2025-05-29 11:45:51] - AWS Validation: ⏭️  SKIPPED
[2025-05-29 11:45:51] ============================================================
[2025-05-29 11:45:51] ✅ SUCCESS: Overall scan result: ALL TOOLS PASSED - No critical issues found!
[2025-05-29 11:45:51] 📄 Complete scan log saved to: cloudformation-scan-report-20250529-114541.log
[2025-05-29 11:45:51] 🎯 All tool outputs captured with timestamps and exit codes
