=================================================================
        CLOUDFORMATION SECURITY SCAN REPORT
=================================================================


============================================================
[2025-05-31 03:21:01] 🚀 CloudFormation Scanner v2.0 - Comprehensive Logging
============================================================
[2025-05-31 03:21:01] 📄 Target: test-files/cloudformation/ec2-instance.yaml
[2025-05-31 03:21:01] 📍 Working directory: /work
[2025-05-31 03:21:01] 🕐 Scan started: Sat May 31 03:21:01 UTC 2025
[2025-05-31 03:21:01] 📊 Output format: Comprehensive log with all tool outputs
[2025-05-31 03:21:01] ✅ SUCCESS: Target file 'test-files/cloudformation/ec2-instance.yaml' found and accessible
[2025-05-31 03:21:01] 📋 File information:
-rwxrwxrwx    1 root     root          4663 May 30 18:36 test-files/cloudformation/ec2-instance.yaml

============================================================
[2025-05-31 03:21:01] 🔧 Running CFN-Lint - CloudFormation Linter
============================================================
[2025-05-31 03:21:01] Running CFN-Lint validation on template...
W1020 Fn::Sub isn't needed because there are no variables at Resources/WebServerInstance/Properties/UserData/Fn::Base64/Fn::Sub
test-files/cloudformation/ec2-instance.yaml:75:9

[2025-05-31 03:21:03] ✅ SUCCESS: CFN-Lint validation completed successfully - no issues found

============================================================
[2025-05-31 03:21:03] 🛡️ Running Checkov - Infrastructure Security Scanner
============================================================
[2025-05-31 03:21:03] Running Checkov security scan on CloudFormation template...


       _               _
   ___| |__   ___  ___| | _______   __
  / __| '_ \ / _ \/ __| |/ / _ \ \ / /
 | (__| | | |  __/ (__|   < (_) \ V /
  \___|_| |_|\___|\___|_|\_\___/ \_/

By Prisma Cloud | version: 3.2.414 
Update available 3.2.414 -> 3.2.436
Run pip3 install -U checkov to update 


cloudformation scan results:

Passed checks: 13, Failed checks: 11, Skipped checks: 0

Check: CKV_AWS_23: "Ensure every security groups rule has a description"
	PASSED for resource: AWS::EC2::SecurityGroup.WebServerSecurityGroup
	File: /test-files/cloudformation/ec2-instance.yaml:24-55
	Guide: https://docs.prismacloud.io/en/enterprise-edition/policy-reference/aws-policies/aws-networking-policies/networking-31
Check: CKV_AWS_25: "Ensure no security groups allow ingress from 0.0.0.0:0 to port 3389"
	PASSED for resource: AWS::EC2::SecurityGroup.WebServerSecurityGroup
	File: /test-files/cloudformation/ec2-instance.yaml:24-55
	Guide: https://docs.prismacloud.io/en/enterprise-edition/policy-reference/aws-policies/aws-networking-policies/networking-2
Check: CKV_AWS_46: "Ensure no hard-coded secrets exist in EC2 user data"
	PASSED for resource: AWS::EC2::Instance.WebServerInstance
	File: /test-files/cloudformation/ec2-instance.yaml:58-88
	Guide: https://docs.prismacloud.io/en/enterprise-edition/policy-reference/aws-policies/secrets-policies/bc-aws-secrets-1
Check: CKV_AWS_88: "EC2 instance should not have public IP."
	PASSED for resource: AWS::EC2::Instance.WebServerInstance
	File: /test-files/cloudformation/ec2-instance.yaml:58-88
	Guide: https://docs.prismacloud.io/en/enterprise-edition/policy-reference/aws-policies/public-policies/public-12
Check: CKV_AWS_19: "Ensure the S3 bucket has server-side-encryption enabled"
	PASSED for resource: AWS::S3::Bucket.TestBucket
	File: /test-files/cloudformation/ec2-instance.yaml:91-109
	Guide: https://docs.prismacloud.io/en/enterprise-edition/policy-reference/aws-policies/s3-policies/s3-14-data-encrypted-at-rest
Check: CKV_AWS_20: "Ensure the S3 bucket does not allow READ permissions to everyone"
	PASSED for resource: AWS::S3::Bucket.TestBucket
	File: /test-files/cloudformation/ec2-instance.yaml:91-109
	Guide: https://docs.prismacloud.io/en/enterprise-edition/policy-reference/aws-policies/s3-policies/s3-1-acl-read-permissions-everyone
Check: CKV_AWS_57: "Ensure the S3 bucket does not allow WRITE permissions to everyone"
	PASSED for resource: AWS::S3::Bucket.TestBucket
	File: /test-files/cloudformation/ec2-instance.yaml:91-109
	Guide: https://docs.prismacloud.io/en/enterprise-edition/policy-reference/aws-policies/s3-policies/s3-2-acl-write-permissions-everyone
Check: CKV_AWS_61: "Ensure AWS IAM policy does not allow assume role permission across all services"
	PASSED for resource: AWS::IAM::Role.TestRole
	File: /test-files/cloudformation/ec2-instance.yaml:112-134
	Guide: https://docs.prismacloud.io/en/enterprise-edition/policy-reference/aws-policies/aws-iam-policies/bc-aws-iam-45
Check: CKV_AWS_107: "Ensure IAM policies does not allow credentials exposure"
	PASSED for resource: AWS::IAM::Role.TestRole
	File: /test-files/cloudformation/ec2-instance.yaml:112-134
	Guide: https://docs.prismacloud.io/en/enterprise-edition/policy-reference/aws-policies/aws-iam-policies/ensure-iam-policies-do-not-allow-credentials-exposure
Check: CKV_AWS_60: "Ensure IAM role allows only specific services or principals to assume it"
	PASSED for resource: AWS::IAM::Role.TestRole
	File: /test-files/cloudformation/ec2-instance.yaml:112-134
	Guide: https://docs.prismacloud.io/en/enterprise-edition/policy-reference/aws-policies/aws-iam-policies/bc-aws-iam-44
Check: CKV_AWS_62: "Ensure no IAM policies that allow full "*-*" administrative privileges are not created"
	PASSED for resource: AWS::IAM::Role.TestRole
	File: /test-files/cloudformation/ec2-instance.yaml:112-134
	Guide: https://docs.prismacloud.io/en/enterprise-edition/policy-reference/aws-policies/aws-iam-policies/bc-aws-iam-45
Check: CKV_AWS_110: "Ensure IAM policies does not allow privilege escalation"
	PASSED for resource: AWS::IAM::Role.TestRole
	File: /test-files/cloudformation/ec2-instance.yaml:112-134
	Guide: https://docs.prismacloud.io/en/enterprise-edition/policy-reference/aws-policies/aws-iam-policies/ensure-iam-policies-does-not-allow-privilege-escalation
Check: CKV_AWS_63: "Ensure no IAM policies documents allow "*" as a statement's actions"
	PASSED for resource: AWS::IAM::Role.TestRole
	File: /test-files/cloudformation/ec2-instance.yaml:112-134
	Guide: https://docs.prismacloud.io/en/enterprise-edition/policy-reference/aws-policies/aws-iam-policies/iam-48
Check: CKV_AWS_24: "Ensure no security groups allow ingress from 0.0.0.0:0 to port 22"
	FAILED for resource: AWS::EC2::SecurityGroup.WebServerSecurityGroup
	File: /test-files/cloudformation/ec2-instance.yaml:24-55
	Guide: https://docs.prismacloud.io/en/enterprise-edition/policy-reference/aws-policies/aws-networking-policies/networking-1-port-security

		24 |   WebServerSecurityGroup:
		25 |     Type: AWS::EC2::SecurityGroup
		26 |     Properties:
		27 |       GroupDescription: Security group for web server
		28 |       VpcId: !Ref VpcId
		29 |       SecurityGroupIngress:
		30 |         # SECURITY ISSUE: SSH open to world (0.0.0.0/0)
		31 |         - IpProtocol: tcp
		32 |           FromPort: 22
		33 |           ToPort: 22
		34 |           CidrIp: 0.0.0.0/0
		35 |           Description: SSH access from anywhere
		36 |         # SECURITY ISSUE: HTTP open to world
		37 |         - IpProtocol: tcp
		38 |           FromPort: 80
		39 |           ToPort: 80
		40 |           CidrIp: 0.0.0.0/0
		41 |           Description: HTTP access from anywhere
		42 |         # SECURITY ISSUE: All ports open internally
		43 |         - IpProtocol: -1
		44 |           CidrIp: 10.0.0.0/8
		45 |           Description: All traffic from private networks
		46 |       SecurityGroupEgress:
		47 |         # SECURITY ISSUE: All outbound traffic allowed
		48 |         - IpProtocol: -1
		49 |           CidrIp: 0.0.0.0/0
		50 |           Description: All outbound traffic
		51 |       Tags:
		52 |         - Key: Name
		53 |           Value: TestWebServerSG
		54 |         - Key: Environment
		55 |           Value: Test

Check: CKV_AWS_260: "Ensure no security groups allow ingress from 0.0.0.0:0 to port 80"
	FAILED for resource: AWS::EC2::SecurityGroup.WebServerSecurityGroup
	File: /test-files/cloudformation/ec2-instance.yaml:24-55
	Guide: https://docs.prismacloud.io/en/enterprise-edition/policy-reference/aws-policies/aws-networking-policies/ensure-aws-security-groups-do-not-allow-ingress-from-00000-to-port-80

		24 |   WebServerSecurityGroup:
		25 |     Type: AWS::EC2::SecurityGroup
		26 |     Properties:
		27 |       GroupDescription: Security group for web server
		28 |       VpcId: !Ref VpcId
		29 |       SecurityGroupIngress:
		30 |         # SECURITY ISSUE: SSH open to world (0.0.0.0/0)
		31 |         - IpProtocol: tcp
		32 |           FromPort: 22
		33 |           ToPort: 22
		34 |           CidrIp: 0.0.0.0/0
		35 |           Description: SSH access from anywhere
		36 |         # SECURITY ISSUE: HTTP open to world
		37 |         - IpProtocol: tcp
		38 |           FromPort: 80
		39 |           ToPort: 80
		40 |           CidrIp: 0.0.0.0/0
		41 |           Description: HTTP access from anywhere
		42 |         # SECURITY ISSUE: All ports open internally
		43 |         - IpProtocol: -1
		44 |           CidrIp: 10.0.0.0/8
		45 |           Description: All traffic from private networks
		46 |       SecurityGroupEgress:
		47 |         # SECURITY ISSUE: All outbound traffic allowed
		48 |         - IpProtocol: -1
		49 |           CidrIp: 0.0.0.0/0
		50 |           Description: All outbound traffic
		51 |       Tags:
		52 |         - Key: Name
		53 |           Value: TestWebServerSG
		54 |         - Key: Environment
		55 |           Value: Test

Check: CKV_AWS_18: "Ensure the S3 bucket has access logging enabled"
	FAILED for resource: AWS::S3::Bucket.TestBucket
	File: /test-files/cloudformation/ec2-instance.yaml:91-109
	Guide: https://docs.prismacloud.io/en/enterprise-edition/policy-reference/aws-policies/s3-policies/s3-13-enable-logging

		91  |   TestBucket:
		92  |     Type: AWS::S3::Bucket
		93  |     Properties:
		94  |       BucketName: !Sub "test-bucket-${AWS::AccountId}-${AWS::Region}"
		95  |       # SECURITY ISSUE: Public read access
		96  |       PublicAccessBlockConfiguration:
		97  |         BlockPublicAcls: false
		98  |         BlockPublicPolicy: false
		99  |         IgnorePublicAcls: false
		100 |         RestrictPublicBuckets: false
		101 |       # SECURITY ISSUE: No encryption specified
		102 |       # BucketEncryption: not specified
		103 |       # SECURITY ISSUE: No versioning
		104 |       # VersioningConfiguration: not specified
		105 |       Tags:
		106 |         - Key: Name
		107 |           Value: TestBucket
		108 |         - Key: Environment
		109 |           Value: Test

Check: CKV_AWS_55: "Ensure S3 bucket has ignore public ACLs enabled"
	FAILED for resource: AWS::S3::Bucket.TestBucket
	File: /test-files/cloudformation/ec2-instance.yaml:91-109
	Guide: https://docs.prismacloud.io/en/enterprise-edition/policy-reference/aws-policies/s3-policies/bc-aws-s3-21

		91  |   TestBucket:
		92  |     Type: AWS::S3::Bucket
		93  |     Properties:
		94  |       BucketName: !Sub "test-bucket-${AWS::AccountId}-${AWS::Region}"
		95  |       # SECURITY ISSUE: Public read access
		96  |       PublicAccessBlockConfiguration:
		97  |         BlockPublicAcls: false
		98  |         BlockPublicPolicy: false
		99  |         IgnorePublicAcls: false
		100 |         RestrictPublicBuckets: false
		101 |       # SECURITY ISSUE: No encryption specified
		102 |       # BucketEncryption: not specified
		103 |       # SECURITY ISSUE: No versioning
		104 |       # VersioningConfiguration: not specified
		105 |       Tags:
		106 |         - Key: Name
		107 |           Value: TestBucket
		108 |         - Key: Environment
		109 |           Value: Test

Check: CKV_AWS_54: "Ensure S3 bucket has block public policy enabled"
	FAILED for resource: AWS::S3::Bucket.TestBucket
	File: /test-files/cloudformation/ec2-instance.yaml:91-109
	Guide: https://docs.prismacloud.io/en/enterprise-edition/policy-reference/aws-policies/s3-policies/bc-aws-s3-20

		91  |   TestBucket:
		92  |     Type: AWS::S3::Bucket
		93  |     Properties:
		94  |       BucketName: !Sub "test-bucket-${AWS::AccountId}-${AWS::Region}"
		95  |       # SECURITY ISSUE: Public read access
		96  |       PublicAccessBlockConfiguration:
		97  |         BlockPublicAcls: false
		98  |         BlockPublicPolicy: false
		99  |         IgnorePublicAcls: false
		100 |         RestrictPublicBuckets: false
		101 |       # SECURITY ISSUE: No encryption specified
		102 |       # BucketEncryption: not specified
		103 |       # SECURITY ISSUE: No versioning
		104 |       # VersioningConfiguration: not specified
		105 |       Tags:
		106 |         - Key: Name
		107 |           Value: TestBucket
		108 |         - Key: Environment
		109 |           Value: Test

Check: CKV_AWS_21: "Ensure the S3 bucket has versioning enabled"
	FAILED for resource: AWS::S3::Bucket.TestBucket
	File: /test-files/cloudformation/ec2-instance.yaml:91-109
	Guide: https://docs.prismacloud.io/en/enterprise-edition/policy-reference/aws-policies/s3-policies/s3-16-enable-versioning

		91  |   TestBucket:
		92  |     Type: AWS::S3::Bucket
		93  |     Properties:
		94  |       BucketName: !Sub "test-bucket-${AWS::AccountId}-${AWS::Region}"
		95  |       # SECURITY ISSUE: Public read access
		96  |       PublicAccessBlockConfiguration:
		97  |         BlockPublicAcls: false
		98  |         BlockPublicPolicy: false
		99  |         IgnorePublicAcls: false
		100 |         RestrictPublicBuckets: false
		101 |       # SECURITY ISSUE: No encryption specified
		102 |       # BucketEncryption: not specified
		103 |       # SECURITY ISSUE: No versioning
		104 |       # VersioningConfiguration: not specified
		105 |       Tags:
		106 |         - Key: Name
		107 |           Value: TestBucket
		108 |         - Key: Environment
		109 |           Value: Test

Check: CKV_AWS_53: "Ensure S3 bucket has block public ACLs enabled"
	FAILED for resource: AWS::S3::Bucket.TestBucket
	File: /test-files/cloudformation/ec2-instance.yaml:91-109
	Guide: https://docs.prismacloud.io/en/enterprise-edition/policy-reference/aws-policies/s3-policies/bc-aws-s3-19

		91  |   TestBucket:
		92  |     Type: AWS::S3::Bucket
		93  |     Properties:
		94  |       BucketName: !Sub "test-bucket-${AWS::AccountId}-${AWS::Region}"
		95  |       # SECURITY ISSUE: Public read access
		96  |       PublicAccessBlockConfiguration:
		97  |         BlockPublicAcls: false
		98  |         BlockPublicPolicy: false
		99  |         IgnorePublicAcls: false
		100 |         RestrictPublicBuckets: false
		101 |       # SECURITY ISSUE: No encryption specified
		102 |       # BucketEncryption: not specified
		103 |       # SECURITY ISSUE: No versioning
		104 |       # VersioningConfiguration: not specified
		105 |       Tags:
		106 |         - Key: Name
		107 |           Value: TestBucket
		108 |         - Key: Environment
		109 |           Value: Test

Check: CKV_AWS_56: "Ensure S3 bucket has RestrictPublicBuckets enabled"
	FAILED for resource: AWS::S3::Bucket.TestBucket
	File: /test-files/cloudformation/ec2-instance.yaml:91-109
	Guide: https://docs.prismacloud.io/en/enterprise-edition/policy-reference/aws-policies/s3-policies/bc-aws-s3-22

		91  |   TestBucket:
		92  |     Type: AWS::S3::Bucket
		93  |     Properties:
		94  |       BucketName: !Sub "test-bucket-${AWS::AccountId}-${AWS::Region}"
		95  |       # SECURITY ISSUE: Public read access
		96  |       PublicAccessBlockConfiguration:
		97  |         BlockPublicAcls: false
		98  |         BlockPublicPolicy: false
		99  |         IgnorePublicAcls: false
		100 |         RestrictPublicBuckets: false
		101 |       # SECURITY ISSUE: No encryption specified
		102 |       # BucketEncryption: not specified
		103 |       # SECURITY ISSUE: No versioning
		104 |       # VersioningConfiguration: not specified
		105 |       Tags:
		106 |         - Key: Name
		107 |           Value: TestBucket
		108 |         - Key: Environment
		109 |           Value: Test

Check: CKV_AWS_108: "Ensure IAM policies does not allow data exfiltration"
	FAILED for resource: AWS::IAM::Role.TestRole
	File: /test-files/cloudformation/ec2-instance.yaml:112-134
	Guide: https://docs.prismacloud.io/en/enterprise-edition/policy-reference/aws-policies/aws-iam-policies/ensure-iam-policies-do-not-allow-data-exfiltration

		112 |   TestRole:
		113 |     Type: AWS::IAM::Role
		114 |     Properties:
		115 |       RoleName: TestEC2Role
		116 |       AssumeRolePolicyDocument:
		117 |         Version: '2012-10-17'
		118 |         Statement:
		119 |           - Effect: Allow
		120 |             Principal:
		121 |               Service: ec2.amazonaws.com
		122 |             Action: sts:AssumeRole
		123 |       # SECURITY ISSUE: Overly broad permissions
		124 |       ManagedPolicyArns:
		125 |         - arn:aws:iam::aws:policy/PowerUserAccess
		126 |       Policies:
		127 |         - PolicyName: TestPolicy
		128 |           PolicyDocument:
		129 |             Version: '2012-10-17'
		130 |             Statement:
		131 |               # SECURITY ISSUE: Full S3 access
		132 |               - Effect: Allow
		133 |                 Action: s3:*
		134 |                 Resource: "*"

Check: CKV_AWS_111: "Ensure IAM policies does not allow write access without constraints"
	FAILED for resource: AWS::IAM::Role.TestRole
	File: /test-files/cloudformation/ec2-instance.yaml:112-134
	Guide: https://docs.prismacloud.io/en/enterprise-edition/policy-reference/aws-policies/aws-iam-policies/ensure-iam-policies-do-not-allow-write-access-without-constraint

		112 |   TestRole:
		113 |     Type: AWS::IAM::Role
		114 |     Properties:
		115 |       RoleName: TestEC2Role
		116 |       AssumeRolePolicyDocument:
		117 |         Version: '2012-10-17'
		118 |         Statement:
		119 |           - Effect: Allow
		120 |             Principal:
		121 |               Service: ec2.amazonaws.com
		122 |             Action: sts:AssumeRole
		123 |       # SECURITY ISSUE: Overly broad permissions
		124 |       ManagedPolicyArns:
		125 |         - arn:aws:iam::aws:policy/PowerUserAccess
		126 |       Policies:
		127 |         - PolicyName: TestPolicy
		128 |           PolicyDocument:
		129 |             Version: '2012-10-17'
		130 |             Statement:
		131 |               # SECURITY ISSUE: Full S3 access
		132 |               - Effect: Allow
		133 |                 Action: s3:*
		134 |                 Resource: "*"

Check: CKV_AWS_109: "Ensure IAM policies does not allow permissions management without constraints"
	FAILED for resource: AWS::IAM::Role.TestRole
	File: /test-files/cloudformation/ec2-instance.yaml:112-134
	Guide: https://docs.prismacloud.io/en/enterprise-edition/policy-reference/aws-policies/aws-iam-policies/ensure-iam-policies-do-not-allow-permissions-management-resource-exposure-without-constraint

		112 |   TestRole:
		113 |     Type: AWS::IAM::Role
		114 |     Properties:
		115 |       RoleName: TestEC2Role
		116 |       AssumeRolePolicyDocument:
		117 |         Version: '2012-10-17'
		118 |         Statement:
		119 |           - Effect: Allow
		120 |             Principal:
		121 |               Service: ec2.amazonaws.com
		122 |             Action: sts:AssumeRole
		123 |       # SECURITY ISSUE: Overly broad permissions
		124 |       ManagedPolicyArns:
		125 |         - arn:aws:iam::aws:policy/PowerUserAccess
		126 |       Policies:
		127 |         - PolicyName: TestPolicy
		128 |           PolicyDocument:
		129 |             Version: '2012-10-17'
		130 |             Statement:
		131 |               # SECURITY ISSUE: Full S3 access
		132 |               - Effect: Allow
		133 |                 Action: s3:*
		134 |                 Resource: "*"


[2025-05-31 03:21:07] ✅ SUCCESS: Checkov scan completed - no issues found

============================================================
[2025-05-31 03:21:07] ☁️ Running AWS CloudFormation Validation
============================================================
[2025-05-31 03:21:07] Attempting AWS CloudFormation template validation...
[2025-05-31 03:21:07] ⚠️  WARNING: AWS CLI not available - skipping AWS validation

============================================================
[2025-05-31 03:21:07] 📊 Scan Summary and Results
============================================================
[2025-05-31 03:21:07] Target: test-files/cloudformation/ec2-instance.yaml
[2025-05-31 03:21:07] 🕐 Scan completed: Sat May 31 03:21:07 UTC 2025
[2025-05-31 03:21:07] ============================================================
[2025-05-31 03:21:07] TOOL EXECUTION RESULTS:
[2025-05-31 03:21:07] - CFN-Lint: ✅ PASSED (no issues found)
[2025-05-31 03:21:07] - Checkov: ✅ PASSED
[2025-05-31 03:21:07] - AWS Validation: ⏭️  SKIPPED
[2025-05-31 03:21:07] ============================================================
[2025-05-31 03:21:07] ✅ SUCCESS: Overall scan result: ALL TOOLS PASSED - No critical issues found!
[2025-05-31 03:21:07] 📄 Complete scan log saved to: cloudformation-scan-report-20250531-032101.log
[2025-05-31 03:21:07] 🎯 All tool outputs captured with timestamps and exit codes
